WARNING: The requested image's platform (linux/amd64) does not match the detected host platform (linux/arm64/v8) and no specific platform was requested
/usr/local/lib/python3.9/site-packages/Bio/Application/__init__.py:40: BiopythonDeprecationWarning: The Bio.Application modules and modules relying on it have been deprecated.

Due to the on going maintenance burden of keeping command line application
wrappers up to date, we have decided to deprecate and eventually remove these
modules.

We instead now recommend building your command line and invoking it directly
with the subprocess module.
  warnings.warn(
2024-12-15 09:02:09 WARNING: Using non-default ResFinder/PointFinder. This may lead to differences in the detected AMR genes depending on how the database files are structured.
2024-12-15 09:02:09 WARNING: The only validated Pointfinder organism(s) are {'enterococcus_faecalis', 'enterococcus_faecium', 'escherichia_coli', 'helicobacter_pylori', 'campylobacter', 'salmonella'}. By selecting "staphylococcus_aureus" you are not guaranteed that all point mutations in this PointFinder database will be properly detected.
2024-12-15 09:02:09 INFO: No --plasmidfinder-database-type specified. Will search the entire PlasmidFinder database
2024-12-15 09:02:09 INFO: --output-dir not set. Files will be output to the respective --output-[type] setting
2024-12-15 09:02:09 INFO: Will exclude ResFinder/PointFinder genes listed in [/usr/local/lib/python3.9/site-packages/staramr/databases/exclude/data/genes_to_exclude.tsv]. Use --no-exclude-genes to disable
2024-12-15 09:02:09 INFO: Will report complex mutations listed in [/usr/local/lib/python3.9/site-packages/staramr/databases/resistance/pointfinder/complex/data/complex_mutations.tsv]
2024-12-15 09:02:09 INFO: Making BLAST databases for input files
2024-12-15 09:02:10 INFO: Scheduling blasts and MLST for MR05.fasta
2024-12-15 09:02:19 WARNING: No drug found for drug_class=all, gene=erm(A)_1, accession=X03216
2024-12-15 09:02:19 WARNING: No drug found for drug_class=all, gene=erm(A)_1, accession=X03216
2024-12-15 09:02:19 WARNING: No drug found for drug_class=all, gene=ant(6)-Ia_1, accession=AF330699
2024-12-15 09:02:19 WARNING: No drug found for drug_class=all, gene=aac(6')-aph(2'')_1, accession=M13771
2024-12-15 09:02:19 WARNING: No drug found for drug_class=all, gene=mecA_2, accession=NC_002951
2024-12-15 09:02:19 WARNING: No drug found for drug_class=all, gene=blaZ_16, accession=JBTH01000015
2024-12-15 09:02:19 WARNING: No drug found for drug_class=all, gene=aph(3')-III_1, accession=M26832
2024-12-15 09:02:19 WARNING: No drug found for drug_class=all, gene=tet(M)_7, accession=FN433596
2024-12-15 09:02:19 WARNING: No drug found for drug_class=all, gene=ant(9)-Ia_1, accession=X02588
2024-12-15 09:02:19 WARNING: No drug found for drug_class=all, gene=dfrG_1, accession=AB205645
2024-12-15 09:02:19 WARNING: No drug found for drug_class=all, gene=ant(9)-Ia_1, accession=X02588
2024-12-15 09:02:21 ERROR: invalid literal for int() with base 10: 'p4-promoter-size-304'
Traceback (most recent call last):
  File "/usr/local/bin/staramr", line 68, in <module>
    args.run_command(args)
  File "/usr/local/lib/python3.9/site-packages/staramr/subcommand/Search.py", line 480, in run
    results = self._generate_results(database_repos=database_repos,
  File "/usr/local/lib/python3.9/site-packages/staramr/subcommand/Search.py", line 296, in _generate_results
    amr_detection.run_amr_detection(files,pid_threshold, plength_threshold_resfinder,
  File "/usr/local/lib/python3.9/site-packages/staramr/detection/AMRDetection.py", line 198, in run_amr_detection
    self._pointfinder_dataframe = self._create_pointfinder_dataframe(pointfinder_blast_map, pid_threshold,
  File "/usr/local/lib/python3.9/site-packages/staramr/detection/AMRDetectionResistance.py", line 62, in _create_pointfinder_dataframe
    return pointfinder_parser.parse_results()
  File "/usr/local/lib/python3.9/site-packages/staramr/blast/results/BlastResultsParser.py", line 67, in parse_results
    self._handle_blast_hit(file, database_name, blast_out, results, hit_seq_records)
  File "/usr/local/lib/python3.9/site-packages/staramr/blast/results/BlastResultsParser.py", line 105, in _handle_blast_hit
    partitions.append(self._create_hit(in_file, database_name, blast_record))
  File "/usr/local/lib/python3.9/site-packages/staramr/blast/results/pointfinder/BlastResultsParserPointfinder.py", line 54, in _create_hit
    return PointfinderHitHSPPromoter(file, blast_record, database_name)
  File "/usr/local/lib/python3.9/site-packages/staramr/blast/results/pointfinder/nucleotide/PointfinderHitHSPPromoter.py", line 20, in __init__
    self._parse_database_name(database_name)
  File "/usr/local/lib/python3.9/site-packages/staramr/blast/results/pointfinder/nucleotide/PointfinderHitHSPPromoter.py", line 118, in _parse_database_name
    size = int(size_string.replace('bp', ''))  # remove the 'bp' and convert to an int
ValueError: invalid literal for int() with base 10: 'p4-promoter-size-304'
